INFO:sim:172 - Generating IP...
Applying current project options...
Finished applying current project options.
WARNING:sim - A core named 'sqrt3' already exists in the project. Output
   products for this core may be overwritten.
Resolving generics for 'sqrt3'...
WARNING:sim - A core named 'sqrt3' already exists in the project. Output
   products for this core may be overwritten.
Applying external generics to 'sqrt3'...
Delivering associated files for 'sqrt3'...
Delivering EJava files for 'sqrt3'...
Generating implementation netlist for 'sqrt3'...
INFO:sim - Pre-processing HDL files for 'sqrt3'...
Running synthesis for 'sqrt3'
Running ngcbuild...
Writing VHO instantiation template for 'sqrt3'...
Writing VHDL behavioral simulation model for 'sqrt3'...
Delivered 3 files into directory C:/Users/husamhaj/Desktop/Personal
Projects/KMeans_img/ipcore_dir/tmp/_cg/sqrt3
Generating ASY schematic symbol...
INFO:sim:949 - Finished generation of ASY schematic symbol.
Generating SYM schematic symbol for 'sqrt3'...
Generating metadata file...
Generating ISE project...
XCO file found: sqrt3.xco
XMDF file found: sqrt3_xmdf.tcl
Adding C:/Users/husamhaj/Desktop/Personal
Projects/KMeans_img/ipcore_dir/tmp/_cg/sqrt3.asy -view all -origin_type imported
Adding C:/Users/husamhaj/Desktop/Personal
Projects/KMeans_img/ipcore_dir/tmp/_cg/sqrt3.ngc -view all -origin_type created
Checking file "C:/Users/husamhaj/Desktop/Personal
Projects/KMeans_img/ipcore_dir/tmp/_cg/sqrt3.ngc" for project device match ...
File "C:/Users/husamhaj/Desktop/Personal
Projects/KMeans_img/ipcore_dir/tmp/_cg/sqrt3.ngc" device information matches
project device.
Adding C:/Users/husamhaj/Desktop/Personal
Projects/KMeans_img/ipcore_dir/tmp/_cg/sqrt3.sym -view all -origin_type imported
Adding C:/Users/husamhaj/Desktop/Personal
Projects/KMeans_img/ipcore_dir/tmp/_cg/sqrt3.vhd -view all -origin_type created
INFO:HDLCompiler:1061 - Parsing VHDL file "C:/Users/husamhaj/Desktop/Personal
   Projects/KMeans_img/ipcore_dir/tmp/_cg/sqrt3.vhd" into library work
INFO:ProjectMgmt - Parsing design hierarchy completed successfully.
Adding C:/Users/husamhaj/Desktop/Personal
Projects/KMeans_img/ipcore_dir/tmp/_cg/sqrt3.vho -view all -origin_type imported
INFO:TclTasksC:2116 - The automatic calculation of top has been turned-off.
   Please set the new top explicitly by running the "project set top" command.
   To re-calculate the new top automatically, set the "Auto Implementation Top"
   property to true.
Top level has been set to "/sqrt3"
Generating README file...
Generating FLIST file...
INFO:sim:948 - Finished FLIST file generation.
Launching README viewer...
Moving files to output directory...
Finished moving files to output directory
Wrote CGP file for project 'sqrt3'.
